d:\shagufta\opengl_workspace\sphearparentchild\sphearparentchild\debug\vc141.pdb
d:\shagufta\opengl_workspace\sphearparentchild\sphearparentchild\debug\vc141.idb
d:\shagufta\opengl_workspace\sphearparentchild\sphearparentchild\debug\camera.obj
d:\shagufta\opengl_workspace\sphearparentchild\sphearparentchild\debug\matrix4.obj
d:\shagufta\opengl_workspace\sphearparentchild\sphearparentchild\debug\transform.obj
d:\shagufta\opengl_workspace\sphearparentchild\sphearparentchild\debug\vector3.obj
d:\shagufta\opengl_workspace\sphearparentchild\sphearparentchild\debug\vector4.obj
d:\shagufta\opengl_workspace\sphearparentchild\sphearparentchild\debug\shader.obj
d:\shagufta\opengl_workspace\sphearparentchild\sphearparentchild\debug\grid.obj
d:\shagufta\opengl_workspace\sphearparentchild\sphearparentchild\debug\sphere.obj
d:\shagufta\opengl_workspace\sphearparentchild\sphearparentchild\debug\source.obj
d:\shagufta\opengl_workspace\sphearparentchild\sphearparentchild\debug\object.obj
d:\shagufta\opengl_workspace\sphearparentchild\sphearparentchild\debug\2dsphere.obj
d:\shagufta\opengl_workspace\sphearparentchild\sphearparentchild\debug\circle.obj
d:\shagufta\opengl_workspace\sphearparentchild\sphearparentchild\debug\grid.obj.enc
d:\shagufta\opengl_workspace\sphearparentchild\sphearparentchild\debug\sphere.obj.enc
d:\shagufta\opengl_workspace\sphearparentchild\debug\sphearparentchild.pdb
d:\shagufta\opengl_workspace\sphearparentchild\sphearparentchild\debug\sphearpa.becc9b2a.tlog\cl.command.1.tlog
d:\shagufta\opengl_workspace\sphearparentchild\sphearparentchild\debug\sphearpa.becc9b2a.tlog\cl.read.1.tlog
d:\shagufta\opengl_workspace\sphearparentchild\sphearparentchild\debug\sphearpa.becc9b2a.tlog\cl.write.1.tlog
d:\shagufta\opengl_workspace\sphearparentchild\sphearparentchild\debug\sphearpa.becc9b2a.tlog\link.22120-cvtres.read.1.tlog
d:\shagufta\opengl_workspace\sphearparentchild\sphearparentchild\debug\sphearpa.becc9b2a.tlog\link.22120-cvtres.write.1.tlog
d:\shagufta\opengl_workspace\sphearparentchild\sphearparentchild\debug\sphearpa.becc9b2a.tlog\link.22120-rc.read.1.tlog
d:\shagufta\opengl_workspace\sphearparentchild\sphearparentchild\debug\sphearpa.becc9b2a.tlog\link.22120-rc.write.1.tlog
d:\shagufta\opengl_workspace\sphearparentchild\sphearparentchild\debug\sphearpa.becc9b2a.tlog\link.22120.read.1.tlog
d:\shagufta\opengl_workspace\sphearparentchild\sphearparentchild\debug\sphearpa.becc9b2a.tlog\link.22120.write.1.tlog
d:\shagufta\opengl_workspace\sphearparentchild\sphearparentchild\debug\sphearpa.becc9b2a.tlog\link.command.1.tlog
d:\shagufta\opengl_workspace\sphearparentchild\sphearparentchild\debug\sphearpa.becc9b2a.tlog\link.read.1.tlog
d:\shagufta\opengl_workspace\sphearparentchild\sphearparentchild\debug\sphearpa.becc9b2a.tlog\link.write.1.tlog
